<?xml version="1.0" encoding="UTF-8"?>
<!-- Generated by org.testng.reporters.JUnitReportReporter -->
<testsuite hostname="DESKTOP-N9O7TT9" name="homePage.Search" tests="1" failures="0" timestamp="29 Apr 2016 21:11:08 GMT" time="55.938" errors="0">
  <testcase name="test" time="55.938" classname="homePage.Search"/>
</testsuite> <!-- homePage.Search -->
